C:\Program Files\Microsoft Visual Studio\2022\Community\MSBuild\Microsoft\VC\v170\Microsoft.CppBuild.targets(500,5): warning MSB8004: Output Directory does not end with a trailing slash.  This build instance will add the slash as it is required to allow proper evaluation of the Output Directory.
  p_client.c
C:\Game_Mod_Quake2\game\p_client.c(71,42): warning C4100: 'self': unreferenced formal parameter
C:\Game_Mod_Quake2\game\p_client.c(180,66): warning C4100: 'damage': unreferenced formal parameter
C:\Game_Mod_Quake2\game\p_client.c(180,56): warning C4100: 'kick': unreferenced formal parameter
C:\Game_Mod_Quake2\game\p_client.c(180,43): warning C4100: 'other': unreferenced formal parameter
C:\Game_Mod_Quake2\game\p_client.c(180,28): warning C4100: 'self': unreferenced formal parameter
C:\Game_Mod_Quake2\game\p_client.c(212,46): warning C4100: 'inflictor': unreferenced formal parameter
C:\Game_Mod_Quake2\game\p_client.c(502,91): warning C4100: 'point': unreferenced formal parameter
C:\Game_Mod_Quake2\game\p_client.c(937,89): warning C4100: 'point': unreferenced formal parameter
C:\Game_Mod_Quake2\game\p_client.c(937,60): warning C4100: 'attacker': unreferenced formal parameter
C:\Game_Mod_Quake2\game\p_client.c(937,40): warning C4100: 'inflictor': unreferenced formal parameter
C:\Game_Mod_Quake2\game\p_client.c(1376,10): warning C4996: 'strcpy': This function or variable may be unsafe. Consider using strcpy_s instead. To disable deprecation, use _CRT_SECURE_NO_WARNINGS. See online help for details.
C:\Game_Mod_Quake2\game\p_client.c(1381,2): warning C4996: 'strncpy': This function or variable may be unsafe. Consider using strncpy_s instead. To disable deprecation, use _CRT_SECURE_NO_WARNINGS. See online help for details.
C:\Game_Mod_Quake2\game\p_client.c(1421,2): warning C4996: 'strncpy': This function or variable may be unsafe. Consider using strncpy_s instead. To disable deprecation, use _CRT_SECURE_NO_WARNINGS. See online help for details.
C:\Game_Mod_Quake2\game\p_client.c(1579,31): warning C4047: '=': 'char *' differs in levels of indirection from 'char **'
C:\Game_Mod_Quake2\game\p_client.c(1585,14): warning C4013: 'ED_CallSpawn' undefined; assuming extern returning int
C:\Game_Mod_Quake2\game\p_client.c(1588,31): warning C4047: '=': 'char *' differs in levels of indirection from 'char **'
C:\Game_Mod_Quake2\game\p_client.c(1597,31): warning C4047: '=': 'char *' differs in levels of indirection from 'char **'
C:\Game_Mod_Quake2\game\p_client.c(1606,31): warning C4047: '=': 'char *' differs in levels of indirection from 'char **'
     Creating library .\..\release\gamex86.lib and object .\..\release\gamex86.exp
  game.vcxproj -> C:\Steam\steamapps\common\Quake 2\mod\gamex86.dll
